npm verbose cli C:\Program Files\nodejs\node.exe C:\Users\Igor\AppData\Roaming\npm\node_modules\npm\bin\npm-cli.js
npm info using npm@10.8.0
npm info using node@v20.12.1
npm verbose title npm install
npm verbose argv "install" "--legacy-peer-deps" "--loglevel" "verbose"
npm verbose logfile logs-max:10 dir:C:\Users\Igor\AppData\Local\npm-cache\_logs\2024-08-07T01_43_05_106Z-
npm verbose logfile C:\Users\Igor\AppData\Local\npm-cache\_logs\2024-08-07T01_43_05_106Z-debug-0.log
npm http fetch GET 200 https://registry.npmjs.org/@faker-js%2ffaker 1041ms (cache revalidated)
npm http fetch GET 200 https://registry.npmjs.org/cypress-mochawesome-reporter 662ms (cache revalidated)
npm http fetch GET 200 https://registry.npmjs.org/browserstack-cypress-cli 626ms (cache revalidated)
npm http fetch GET 200 https://registry.npmjs.org/cypress 98ms (cache revalidated)
npm http fetch GET 200 https://registry.npmjs.org/archiver 84ms (cache revalidated)
npm http fetch GET 200 https://registry.npmjs.org/request 147ms (cache revalidated)
npm http fetch GET 200 https://registry.npmjs.org/glob 176ms (cache revalidated)
npm http fetch GET 200 https://registry.npmjs.org/async 188ms (cache revalidated)
npm http fetch GET 200 https://registry.npmjs.org/gitconfiglocal 195ms (cache revalidated)
npm http fetch GET 200 https://registry.npmjs.org/table 199ms (cache revalidated)
npm http fetch GET 200 https://registry.npmjs.org/update-notifier 204ms (cache revalidated)
npm http fetch GET 200 https://registry.npmjs.org/uuid 223ms (cache revalidated)
npm http fetch GET 200 https://registry.npmjs.org/mkdirp 241ms (cache revalidated)
npm http fetch GET 200 https://registry.npmjs.org/fs-extra 253ms (cache revalidated)
npm http fetch GET 200 https://registry.npmjs.org/yargs 85ms (cache revalidated)
npm http fetch GET 200 https://registry.npmjs.org/decompress 85ms (cache revalidated)
npm http fetch GET 200 https://registry.npmjs.org/chalk 294ms (cache revalidated)
npm http fetch GET 200 https://registry.npmjs.org/tmp 111ms (cache revalidated)
npm http fetch GET 200 https://registry.npmjs.org/mocha 315ms (cache revalidated)
npm http fetch GET 200 https://registry.npmjs.org/chalk 145ms (cache revalidated)
npm http fetch GET 200 https://registry.npmjs.org/debug 114ms (cache revalidated)
npm http fetch GET 200 https://registry.npmjs.org/dayjs 132ms (cache revalidated)
npm http fetch GET 200 https://registry.npmjs.org/execa 115ms (cache revalidated)
npm http fetch GET 200 https://registry.npmjs.org/is-ci 124ms (cache revalidated)
npm http fetch GET 200 https://registry.npmjs.org/buffer 95ms (cache revalidated)
npm http fetch GET 200 https://registry.npmjs.org/listr2 94ms (cache revalidated)
npm http fetch GET 200 https://registry.npmjs.org/lodash 102ms (cache revalidated)
npm http fetch GET 200 https://registry.npmjs.org/getos 218ms (cache revalidated)
npm http fetch GET 200 https://registry.npmjs.org/semver 129ms (cache revalidated)
npm http fetch GET 200 https://registry.npmjs.org/figures 145ms (cache revalidated)
npm http fetch GET 200 https://registry.npmjs.org/process 139ms (cache revalidated)
npm http fetch GET 200 https://registry.npmjs.org/bluebird 146ms (cache revalidated)
npm http fetch GET 200 https://registry.npmjs.org/cachedir 145ms (cache revalidated)
npm http fetch GET 200 https://registry.npmjs.org/enquirer 145ms (cache revalidated)
npm http fetch GET 200 https://registry.npmjs.org/git-repo-info 779ms (cache revalidated)
npm http fetch GET 200 https://registry.npmjs.org/node-ipc 780ms (cache revalidated)
npm http fetch GET 200 https://registry.npmjs.org/cli-progress 787ms (cache revalidated)
npm http fetch GET 200 https://registry.npmjs.org/browserstack-local 793ms (cache revalidated)
npm http fetch GET 200 https://registry.npmjs.org/getmac 796ms (cache revalidated)
npm http fetch GET 200 https://registry.npmjs.org/requestretry 808ms (cache revalidated)
npm http fetch GET 200 https://registry.npmjs.org/winston 659ms (cache revalidated)
npm http fetch GET 200 https://registry.npmjs.org/windows-release 736ms (cache revalidated)
npm http fetch GET 200 https://registry.npmjs.org/untildify 272ms (cache revalidated)
npm http fetch GET 200 https://registry.npmjs.org/git-last-commit 839ms (cache revalidated)
npm http fetch GET 200 https://registry.npmjs.org/commander 302ms (cache revalidated)
npm http fetch GET 200 https://registry.npmjs.org/cli-cursor 265ms (cache revalidated)
npm http fetch GET 200 https://registry.npmjs.org/common-tags 74ms (cache revalidated)
npm http fetch GET 200 https://registry.npmjs.org/cli-table3 251ms (cache revalidated)
npm http fetch GET 200 https://registry.npmjs.org/arch 659ms (cache revalidated)
npm http fetch GET 200 https://registry.npmjs.org/extract-zip 80ms (cache revalidated)
npm http fetch GET 200 https://registry.npmjs.org/log-symbols 85ms (cache revalidated)
npm http fetch GET 200 https://registry.npmjs.org/pretty-bytes 74ms (cache revalidated)
npm http fetch GET 200 https://registry.npmjs.org/supports-color 84ms (cache revalidated)
npm http fetch GET 200 https://registry.npmjs.org/is-installed-globally 70ms (cache revalidated)
npm http fetch GET 200 https://registry.npmjs.org/yauzl 667ms (cache revalidated)
npm http fetch GET 200 https://registry.npmjs.org/proxy-from-env 140ms (cache revalidated)
npm http fetch GET 200 https://registry.npmjs.org/ospath 645ms (cache revalidated)
npm http fetch GET 200 https://registry.npmjs.org/eventemitter2 218ms (cache revalidated)
npm http fetch GET 200 https://registry.npmjs.org/request-progress 189ms (cache revalidated)
npm http fetch GET 200 https://registry.npmjs.org/lazy-ass 674ms (cache revalidated)
npm http fetch GET 200 https://registry.npmjs.org/minimist 705ms (cache revalidated)
npm http fetch GET 200 https://registry.npmjs.org/blob-util 720ms (cache revalidated)
npm http fetch GET 200 https://registry.npmjs.org/executable 635ms (cache revalidated)
npm http fetch GET 200 https://registry.npmjs.org/check-more-types 634ms (cache revalidated)
npm http fetch GET 200 https://registry.npmjs.org/mochawesome 686ms (cache revalidated)
npm http fetch GET 200 https://registry.npmjs.org/mochawesome-merge 730ms (cache revalidated)
npm http fetch GET 200 https://registry.npmjs.org/mochawesome-report-generator 733ms (cache revalidated)
npm http fetch GET 200 https://registry.npmjs.org/@cypress%2fxvfb 957ms (cache revalidated)
npm http fetch GET 200 https://registry.npmjs.org/@cypress%2frequest 1031ms (cache revalidated)
npm http fetch GET 200 https://registry.npmjs.org/@types%2fsizzle 1239ms (cache revalidated)
npm http fetch GET 200 https://registry.npmjs.org/@types%2fsinonjs__fake-timers 1251ms (cache revalidated)
npm http fetch GET 200 https://registry.npmjs.org/buffer-crc32 121ms (cache revalidated)
npm http fetch GET 200 https://registry.npmjs.org/readable-stream 123ms (cache revalidated)
npm http fetch GET 200 https://registry.npmjs.org/ansi-styles 128ms (cache revalidated)
npm http fetch GET 200 https://registry.npmjs.org/tar-stream 133ms (cache revalidated)
npm http fetch GET 200 https://registry.npmjs.org/decompress-tar 130ms (cache revalidated)
npm http fetch GET 200 https://registry.npmjs.org/string-width 133ms (cache revalidated)
npm http fetch GET 200 https://registry.npmjs.org/decompress-tarbz2 133ms (cache revalidated)
npm http fetch GET 200 https://registry.npmjs.org/agent-base 139ms (cache revalidated)
npm http fetch GET 200 https://registry.npmjs.org/https-proxy-agent 143ms (cache revalidated)
npm http fetch GET 200 https://registry.npmjs.org/decompress-targz 162ms (cache revalidated)
npm http fetch GET 200 https://registry.npmjs.org/decompress-unzip 169ms (cache revalidated)
npm http fetch GET 200 https://registry.npmjs.org/make-dir 171ms (cache revalidated)
npm http fetch GET 200 https://registry.npmjs.org/graceful-fs 175ms (cache revalidated)
npm http fetch GET 200 https://registry.npmjs.org/strip-dirs 78ms (cache revalidated)
npm http fetch GET 200 https://registry.npmjs.org/universalify 72ms (cache revalidated)
npm http fetch GET 200 https://registry.npmjs.org/pify 95ms (cache revalidated)
npm http fetch GET 200 https://registry.npmjs.org/jsonfile 83ms (cache revalidated)
npm http fetch GET 200 https://registry.npmjs.org/graceful-fs 86ms (cache revalidated)
npm http fetch GET 200 https://registry.npmjs.org/readdir-glob 231ms (cache revalidated)
npm http fetch GET 200 https://registry.npmjs.org/@types%2fnode 103ms (cache revalidated)
npm http fetch GET 200 https://registry.npmjs.org/once 181ms (cache revalidated)
npm http fetch GET 200 https://registry.npmjs.org/inflight 180ms (cache revalidated)
npm http fetch GET 200 https://registry.npmjs.org/inherits 157ms (cache revalidated)
npm http fetch GET 200 https://registry.npmjs.org/ini 187ms (cache revalidated)
npm http fetch GET 200 https://registry.npmjs.org/fs.realpath 146ms (cache revalidated)
npm http fetch GET 200 https://registry.npmjs.org/path-is-absolute 143ms (cache revalidated)
npm http fetch GET 200 https://registry.npmjs.org/ansi-colors 127ms (cache revalidated)
npm http fetch GET 200 https://registry.npmjs.org/chokidar 116ms (cache revalidated)
npm http fetch GET 200 https://registry.npmjs.org/minimatch 159ms (cache revalidated)
npm http fetch GET 200 https://registry.npmjs.org/minimatch 26ms (cache hit)
npm http fetch GET 200 https://registry.npmjs.org/yargs 23ms (cache hit)
npm http fetch GET 200 https://registry.npmjs.org/diff 154ms (cache revalidated)
npm http fetch GET 200 https://registry.npmjs.org/escape-string-regexp 157ms (cache revalidated)
npm http fetch GET 200 https://registry.npmjs.org/he 82ms (cache revalidated)
npm http fetch GET 200 https://registry.npmjs.org/strip-json-comments 74ms (cache revalidated)
npm http fetch GET 200 https://registry.npmjs.org/js-yaml 82ms (cache revalidated)
npm http fetch GET 200 https://registry.npmjs.org/serialize-javascript 82ms (cache revalidated)
npm http fetch GET 200 https://registry.npmjs.org/find-up 185ms (cache revalidated)
npm http fetch GET 200 https://registry.npmjs.org/ms 94ms (cache revalidated)
npm http fetch GET 200 https://registry.npmjs.org/yargs-parser 99ms (cache revalidated)
npm http fetch GET 200 https://registry.npmjs.org/aws-sign2 85ms (cache revalidated)
npm http fetch GET 200 https://registry.npmjs.org/aws4 74ms (cache revalidated)
npm http fetch GET 200 https://registry.npmjs.org/caseless 76ms (cache revalidated)
npm http fetch GET 200 https://registry.npmjs.org/combined-stream 81ms (cache revalidated)
npm http fetch GET 200 https://registry.npmjs.org/extend 115ms (cache revalidated)
npm http fetch GET 200 https://registry.npmjs.org/forever-agent 117ms (cache revalidated)
npm http fetch GET 200 https://registry.npmjs.org/har-validator 108ms (cache revalidated)
npm http fetch GET 200 https://registry.npmjs.org/form-data 125ms (cache revalidated)
npm http fetch GET 200 https://registry.npmjs.org/js-message 204ms (cache revalidated)
npm http fetch GET 200 https://registry.npmjs.org/http-signature 119ms (cache revalidated)
npm http fetch GET 200 https://registry.npmjs.org/is-typedarray 117ms (cache revalidated)
npm http fetch GET 200 https://registry.npmjs.org/json-stringify-safe 118ms (cache revalidated)
npm http fetch GET 200 https://registry.npmjs.org/isstream 131ms (cache revalidated)
npm http fetch GET 200 https://registry.npmjs.org/mime-types 98ms (cache revalidated)
npm http fetch GET 200 https://registry.npmjs.org/oauth-sign 110ms (cache revalidated)
npm http fetch GET 200 https://registry.npmjs.org/performance-now 100ms (cache revalidated)
npm http fetch GET 200 https://registry.npmjs.org/safe-buffer 103ms (cache revalidated)
npm http fetch GET 200 https://registry.npmjs.org/archiver-utils 675ms (cache revalidated)
npm http fetch GET 200 https://registry.npmjs.org/tough-cookie 92ms (cache revalidated)
npm http fetch GET 200 https://registry.npmjs.org/ps-tree 681ms (cache revalidated)
npm http fetch GET 200 https://registry.npmjs.org/zip-stream 685ms (cache revalidated)
npm http fetch GET 200 https://registry.npmjs.org/qs 136ms (cache revalidated)
npm http fetch GET 200 https://registry.npmjs.org/temp-fs 688ms (cache revalidated)
npm http fetch GET 200 https://registry.npmjs.org/is-running 696ms (cache revalidated)
npm http fetch GET 200 https://registry.npmjs.org/tunnel-agent 110ms (cache revalidated)
npm http fetch GET 200 https://registry.npmjs.org/ajv 95ms (cache revalidated)
npm http fetch GET 200 https://registry.npmjs.org/boxen 82ms (cache revalidated)
npm http fetch GET 200 https://registry.npmjs.org/is-npm 85ms (cache revalidated)
npm http fetch GET 200 https://registry.npmjs.org/slice-ansi 126ms (cache revalidated)
npm http fetch GET 200 https://registry.npmjs.org/configstore 71ms (cache revalidated)
npm http fetch GET 200 https://registry.npmjs.org/import-lazy 72ms (cache revalidated)
npm http fetch GET 200 https://registry.npmjs.org/xdg-basedir 74ms (cache revalidated)
npm http fetch GET 200 https://registry.npmjs.org/latest-version 86ms (cache revalidated)
npm http fetch GET 200 https://registry.npmjs.org/y18n 68ms (cache revalidated)
npm http fetch GET 200 https://registry.npmjs.org/stack-trace 94ms (cache revalidated)
npm http fetch GET 200 https://registry.npmjs.org/cliui 84ms (cache revalidated)
npm http fetch GET 200 https://registry.npmjs.org/decamelize 84ms (cache revalidated)
npm http fetch GET 200 https://registry.npmjs.org/browser-stdout 632ms (cache revalidated)
npm http fetch GET 200 https://registry.npmjs.org/set-blocking 114ms (cache revalidated)
npm http fetch GET 200 https://registry.npmjs.org/get-caller-file 117ms (cache revalidated)
npm http fetch GET 200 https://registry.npmjs.org/semver-diff 195ms (cache revalidated)
npm http fetch GET 200 https://registry.npmjs.org/require-directory 104ms (cache revalidated)
npm http fetch GET 200 https://registry.npmjs.org/require-main-filename 94ms (cache revalidated)
npm http fetch GET 200 https://registry.npmjs.org/workerpool 653ms (cache revalidated)
npm http fetch GET 200 https://registry.npmjs.org/yargs-unparser 663ms (cache revalidated)
npm http fetch GET 200 https://registry.npmjs.org/event-pubsub 654ms (cache revalidated)
npm http fetch GET 200 https://registry.npmjs.org/js-queue 649ms (cache revalidated)
npm http fetch GET 200 https://registry.npmjs.org/pupa 656ms (cache revalidated)
npm http fetch GET 200 https://registry.npmjs.org/is-in-ci 615ms (cache revalidated)
npm http fetch GET 200 https://registry.npmjs.org/eyes 623ms (cache revalidated)
npm http fetch GET 200 https://registry.npmjs.org/cycle 655ms (cache revalidated)
npm http fetch GET 200 https://registry.npmjs.org/colors 659ms (cache revalidated)
npm http fetch GET 200 https://registry.npmjs.org/which-module 663ms (cache revalidated)
npm http fetch GET 200 https://registry.npmjs.org/bl 102ms (cache revalidated)
npm http fetch GET 200 https://registry.npmjs.org/util-deprecate 107ms (cache revalidated)
npm http fetch GET 200 https://registry.npmjs.org/lodash.defaults 111ms (cache revalidated)
npm http fetch GET 200 https://registry.npmjs.org/lodash.flatten 112ms (cache revalidated)
npm http fetch GET 200 https://registry.npmjs.org/lodash.union 112ms (cache revalidated)
npm http fetch GET 200 https://registry.npmjs.org/end-of-stream 113ms (cache revalidated)
npm http fetch GET 200 https://registry.npmjs.org/lodash.difference 119ms (cache revalidated)
npm http fetch GET 200 https://registry.npmjs.org/lodash.isplainobject 119ms (cache revalidated)
npm http fetch GET 200 https://registry.npmjs.org/string_decoder 118ms (cache revalidated)
npm http fetch GET 200 https://registry.npmjs.org/lazystream 159ms (cache revalidated)
npm http fetch GET 200 https://registry.npmjs.org/normalize-path 670ms (cache revalidated)
npm http fetch GET 200 https://registry.npmjs.org/fs-constants 676ms (cache revalidated)
npm http fetch GET 200 https://registry.npmjs.org/compress-commons 678ms (cache revalidated)
npm http fetch GET 200 https://registry.npmjs.org/process-nextick-args 70ms (cache revalidated)
npm http fetch GET 200 https://registry.npmjs.org/core-util-is 83ms (cache revalidated)
npm http fetch GET 200 https://registry.npmjs.org/isarray 182ms (cache revalidated)
npm http fetch GET 200 https://registry.npmjs.org/rimraf 60ms (cache revalidated)
npm http fetch GET 200 https://registry.npmjs.org/event-stream 627ms (cache revalidated)
npm http fetch GET 200 https://registry.npmjs.org/color-convert 57ms (cache revalidated)
npm http fetch GET 200 https://registry.npmjs.org/has-flag 68ms (cache revalidated)
npm http fetch GET 200 https://registry.npmjs.org/color-name 67ms (cache revalidated)
npm http fetch GET 200 https://registry.npmjs.org/emoji-regex 111ms (cache revalidated)
npm http fetch GET 200 https://registry.npmjs.org/strip-ansi 125ms (cache revalidated)
npm http fetch GET 200 https://registry.npmjs.org/is-fullwidth-code-point 124ms (cache revalidated)
npm http fetch GET 200 https://registry.npmjs.org/lodash.once 77ms (cache revalidated)
npm http fetch GET 200 https://registry.npmjs.org/base64-js 77ms (cache revalidated)
npm http fetch GET 200 https://registry.npmjs.org/signal-exit 77ms (cache revalidated)
npm http fetch GET 200 https://registry.npmjs.org/ieee754 83ms (cache revalidated)
npm http fetch GET 200 https://registry.npmjs.org/human-signals 84ms (cache revalidated)
npm http fetch GET 200 https://registry.npmjs.org/restore-cursor 91ms (cache revalidated)
npm http fetch GET 200 https://registry.npmjs.org/onetime 93ms (cache revalidated)
npm http fetch GET 200 https://registry.npmjs.org/get-stream 95ms (cache revalidated)
npm http fetch GET 200 https://registry.npmjs.org/strip-final-newline 93ms (cache revalidated)
npm http fetch GET 200 https://registry.npmjs.org/get-stream 93ms (cache revalidated)
npm http fetch GET 200 https://registry.npmjs.org/npm-run-path 98ms (cache revalidated)
npm http fetch GET 200 https://registry.npmjs.org/cross-spawn 100ms (cache revalidated)
npm http fetch GET 200 https://registry.npmjs.org/is-stream 103ms (cache revalidated)
npm http fetch GET 200 https://registry.npmjs.org/merge-stream 104ms (cache revalidated)
npm http fetch GET 200 https://registry.npmjs.org/@colors%2fcolors 110ms (cache revalidated)
npm http fetch GET 200 https://registry.npmjs.org/at-least-node 121ms (cache revalidated)
npm http fetch GET 200 https://registry.npmjs.org/ci-info 121ms (cache revalidated)
npm http fetch GET 200 https://registry.npmjs.org/global-dirs 122ms (cache revalidated)
npm http fetch GET 200 https://registry.npmjs.org/is-path-inside 63ms (cache revalidated)
npm http fetch GET 200 https://registry.npmjs.org/rfdc 77ms (cache revalidated)
npm http fetch GET 200 https://registry.npmjs.org/p-map 74ms (cache revalidated)
npm http fetch GET 200 https://registry.npmjs.org/log-update 68ms (cache revalidated)
npm http fetch GET 200 https://registry.npmjs.org/wrap-ansi 74ms (cache revalidated)
npm http fetch GET 200 https://registry.npmjs.org/colorette 79ms (cache revalidated)
npm http fetch GET 200 https://registry.npmjs.org/through 84ms (cache revalidated)
npm http fetch GET 200 https://registry.npmjs.org/is-unicode-supported 77ms (cache revalidated)
npm http fetch GET 200 https://registry.npmjs.org/fd-slicer 75ms (cache revalidated)
npm http fetch GET 200 https://registry.npmjs.org/cli-truncate 85ms (cache revalidated)
npm http fetch GET 200 https://registry.npmjs.org/throttleit 87ms (cache revalidated)
npm http fetch GET 200 https://registry.npmjs.org/rxjs 629ms (cache revalidated)
npm http fetch GET 200 https://registry.npmjs.org/@types%2fyauzl 1252ms (cache revalidated)
npm http fetch GET 200 https://registry.npmjs.org/delayed-stream 106ms (cache revalidated)
npm http fetch GET 200 https://registry.npmjs.org/psl 106ms (cache revalidated)
npm http fetch GET 200 https://registry.npmjs.org/sshpk 113ms (cache revalidated)
npm http fetch GET 200 https://registry.npmjs.org/asynckit 116ms (cache revalidated)
npm http fetch GET 200 https://registry.npmjs.org/jsprim 116ms (cache revalidated)
npm http fetch GET 200 https://registry.npmjs.org/url-parse 114ms (cache revalidated)
npm http fetch GET 200 https://registry.npmjs.org/assert-plus 119ms (cache revalidated)
npm http fetch GET 200 https://registry.npmjs.org/punycode 118ms (cache revalidated)
npm http fetch GET 200 https://registry.npmjs.org/mime-db 121ms (cache revalidated)
npm http fetch GET 200 https://registry.npmjs.org/side-channel 123ms (cache revalidated)
npm http fetch GET 200 https://registry.npmjs.org/yargs 45ms (cache hit)
npm http fetch GET 200 https://registry.npmjs.org/yargs 47ms (cache hit)
npm http fetch GET 200 https://registry.npmjs.org/lodash.isobject 89ms (cache revalidated)
npm http fetch GET 200 https://registry.npmjs.org/dateformat 85ms (cache revalidated)
npm http fetch GET 200 https://registry.npmjs.org/prop-types 86ms (cache revalidated)
npm http fetch GET 200 https://registry.npmjs.org/opener 87ms (cache revalidated)
npm http fetch GET 200 https://registry.npmjs.org/lodash.isstring 93ms (cache revalidated)
npm http fetch GET 200 https://registry.npmjs.org/tcomb-validation 89ms (cache revalidated)
npm http fetch GET 200 https://registry.npmjs.org/validator 91ms (cache revalidated)
npm http fetch GET 200 https://registry.npmjs.org/escape-html 639ms (cache revalidated)
npm http fetch GET 200 https://registry.npmjs.org/lodash.isfunction 652ms (cache revalidated)
npm http fetch GET 200 https://registry.npmjs.org/lodash.isempty 662ms (cache revalidated)
npm http fetch GET 200 https://registry.npmjs.org/lodash.isfunction 690ms (cache revalidated)
npm http fetch GET 200 https://registry.npmjs.org/tcomb 741ms (cache revalidated)
npm http fetch GET 200 https://registry.npmjs.org/fsu 841ms (cache revalidated)
npm http fetch GET 200 https://registry.npmjs.org/unbzip2-stream 118ms (cache revalidated)
npm http fetch GET 200 https://registry.npmjs.org/is-natural-number 120ms (cache revalidated)
npm http fetch GET 200 https://registry.npmjs.org/file-type 122ms (cache revalidated)
npm http fetch GET 200 https://registry.npmjs.org/file-type 128ms (cache revalidated)
npm http fetch GET 200 https://registry.npmjs.org/file-type 135ms (cache revalidated)
npm http fetch GET 200 https://registry.npmjs.org/seek-bzip 138ms (cache revalidated)
npm http fetch GET 200 https://registry.npmjs.org/file-type 144ms (cache revalidated)
npm http fetch GET 200 https://registry.npmjs.org/xtend 61ms (cache revalidated)
npm http fetch GET 200 https://registry.npmjs.org/buffer-alloc 65ms (cache revalidated)
npm http fetch GET 200 https://registry.npmjs.org/to-buffer 602ms (cache revalidated)
npm http fetch GET 200 https://registry.npmjs.org/object-assign 53ms (cache revalidated)
npm http fetch GET 200 https://registry.npmjs.org/pinkie-promise 67ms (cache revalidated)
npm http fetch GET 200 https://registry.npmjs.org/ansi-regex 175ms (cache revalidated)
npm http fetch GET 200 https://registry.npmjs.org/which 64ms (cache revalidated)
npm http fetch GET 200 https://registry.npmjs.org/path-key 66ms (cache revalidated)
npm http fetch GET 200 https://registry.npmjs.org/shebang-command 68ms (cache revalidated)
npm http fetch GET 200 https://registry.npmjs.org/mimic-fn 69ms (cache revalidated)
npm http fetch GET 200 https://registry.npmjs.org/path-key 73ms (cache revalidated)
npm http fetch GET 200 https://registry.npmjs.org/pump 620ms (cache revalidated)
npm http fetch GET 200 https://registry.npmjs.org/isexe 70ms (cache revalidated)
npm http fetch GET 200 https://registry.npmjs.org/shebang-regex 78ms (cache revalidated)
npm http fetch GET 200 https://registry.npmjs.org/@types%2fnode 17ms (cache hit)
npm http fetch GET 200 https://registry.npmjs.org/undici-types 89ms (cache revalidated)
npm http fetch GET 200 https://registry.npmjs.org/pinkie 82ms (cache revalidated)
npm http fetch GET 200 https://registry.npmjs.org/wrappy 71ms (cache revalidated)
npm http fetch GET 200 https://registry.npmjs.org/wrappy 73ms (cache revalidated)
npm http fetch GET 200 https://registry.npmjs.org/brace-expansion 85ms (cache revalidated)
npm http fetch GET 200 https://registry.npmjs.org/jsbn 67ms (cache revalidated)
npm http fetch GET 200 https://registry.npmjs.org/verror 74ms (cache revalidated)
npm http fetch GET 200 https://registry.npmjs.org/safer-buffer 74ms (cache revalidated)
npm http fetch GET 200 https://registry.npmjs.org/getpass 78ms (cache revalidated)
npm http fetch GET 200 https://registry.npmjs.org/asn1 81ms (cache revalidated)
npm http fetch GET 200 https://registry.npmjs.org/dashdash 81ms (cache revalidated)
npm http fetch GET 200 https://registry.npmjs.org/ecc-jsbn 79ms (cache revalidated)
npm http fetch GET 200 https://registry.npmjs.org/extsprintf 87ms (cache revalidated)
npm http fetch GET 200 https://registry.npmjs.org/tweetnacl 82ms (cache revalidated)
npm http fetch GET 200 https://registry.npmjs.org/bcrypt-pbkdf 90ms (cache revalidated)
npm http fetch GET 200 https://registry.npmjs.org/json-schema 113ms (cache revalidated)
npm http fetch GET 200 https://registry.npmjs.org/ansi-escapes 56ms (cache revalidated)
npm http fetch GET 200 https://registry.npmjs.org/aggregate-error 63ms (cache revalidated)
npm http fetch GET 200 https://registry.npmjs.org/tslib 514ms (cache revalidated)
npm http fetch GET 200 https://registry.npmjs.org/astral-regex 59ms (cache revalidated)
npm http fetch GET 200 https://registry.npmjs.org/type-fest 61ms (cache revalidated)
npm http fetch GET 200 https://registry.npmjs.org/concat-map 56ms (cache revalidated)
npm http fetch GET 200 https://registry.npmjs.org/balanced-match 67ms (cache revalidated)
npm http fetch GET 200 https://registry.npmjs.org/readdirp 67ms (cache revalidated)
npm http fetch GET 200 https://registry.npmjs.org/flat 63ms (cache revalidated)
npm http fetch GET 200 https://registry.npmjs.org/camelcase 67ms (cache revalidated)
npm http fetch GET 200 https://registry.npmjs.org/braces 77ms (cache revalidated)
npm http fetch GET 200 https://registry.npmjs.org/argparse 76ms (cache revalidated)
npm http fetch GET 200 https://registry.npmjs.org/fsevents 83ms (cache revalidated)
npm http fetch GET 200 https://registry.npmjs.org/anymatch 88ms (cache revalidated)
npm http fetch GET 200 https://registry.npmjs.org/locate-path 85ms (cache revalidated)
npm http fetch GET 200 https://registry.npmjs.org/randombytes 85ms (cache revalidated)
npm http fetch GET 200 https://registry.npmjs.org/glob-parent 89ms (cache revalidated)
npm http fetch GET 200 https://registry.npmjs.org/is-plain-obj 81ms (cache revalidated)
npm http fetch GET 200 https://registry.npmjs.org/escalade 86ms (cache revalidated)
npm http fetch GET 200 https://registry.npmjs.org/is-glob 93ms (cache revalidated)
npm http fetch GET 200 https://registry.npmjs.org/is-binary-path 94ms (cache revalidated)
npm http fetch GET 200 https://registry.npmjs.org/path-exists 108ms (cache revalidated)
npm http fetch GET 200 https://registry.npmjs.org/picomatch 52ms (cache revalidated)
npm http fetch GET 200 https://registry.npmjs.org/binary-extensions 56ms (cache revalidated)
npm http fetch GET 200 https://registry.npmjs.org/picomatch 58ms (cache revalidated)
npm http fetch GET 200 https://registry.npmjs.org/fill-range 62ms (cache revalidated)
npm http fetch GET 200 https://registry.npmjs.org/is-extglob 63ms (cache revalidated)
npm http fetch GET 200 https://registry.npmjs.org/to-regex-range 60ms (cache revalidated)
npm http fetch GET 200 https://registry.npmjs.org/is-number 67ms (cache revalidated)
npm http fetch GET 200 https://registry.npmjs.org/p-locate 70ms (cache revalidated)
npm http fetch GET 200 https://registry.npmjs.org/p-limit 61ms (cache revalidated)
npm http fetch GET 200 https://registry.npmjs.org/react-is 67ms (cache revalidated)
npm http fetch GET 200 https://registry.npmjs.org/loose-envify 95ms (cache revalidated)
npm http fetch GET 200 https://registry.npmjs.org/easy-stack 58ms (cache revalidated)
npm http fetch GET 200 https://registry.npmjs.org/yocto-queue 71ms (cache revalidated)
npm http fetch GET 200 https://registry.npmjs.org/clean-stack 83ms (cache revalidated)
npm http fetch GET 200 https://registry.npmjs.org/indent-string 119ms (cache revalidated)
npm http fetch GET 200 https://registry.npmjs.org/js-tokens 56ms (cache revalidated)
npm http fetch GET 200 https://registry.npmjs.org/duplexer 64ms (cache revalidated)
npm http fetch GET 200 https://registry.npmjs.org/split 71ms (cache revalidated)
npm http fetch GET 200 https://registry.npmjs.org/stream-combiner 100ms (cache revalidated)
npm http fetch GET 200 https://registry.npmjs.org/map-stream 128ms (cache revalidated)
npm http fetch GET 200 https://registry.npmjs.org/pause-stream 619ms (cache revalidated)
npm http fetch GET 200 https://registry.npmjs.org/from 624ms (cache revalidated)
npm http fetch GET 200 https://registry.npmjs.org/get-intrinsic 96ms (cache revalidated)
npm http fetch GET 200 https://registry.npmjs.org/object-inspect 101ms (cache revalidated)
npm http fetch GET 200 https://registry.npmjs.org/es-errors 107ms (cache revalidated)
npm http fetch GET 200 https://registry.npmjs.org/call-bind 115ms (cache revalidated)
npm http fetch GET 200 https://registry.npmjs.org/ajv 8ms (cache hit)
npm http fetch GET 200 https://registry.npmjs.org/har-schema 67ms (cache revalidated)
npm http fetch GET 200 https://registry.npmjs.org/json-schema-traverse 58ms (cache revalidated)
npm http fetch GET 200 https://registry.npmjs.org/uri-js 71ms (cache revalidated)
npm http fetch GET 200 https://registry.npmjs.org/fast-deep-equal 75ms (cache revalidated)
npm http fetch GET 200 https://registry.npmjs.org/fast-json-stable-stringify 608ms (cache revalidated)
npm http fetch GET 200 https://registry.npmjs.org/es-define-property 98ms (cache revalidated)
npm http fetch GET 200 https://registry.npmjs.org/has-symbols 102ms (cache revalidated)
npm http fetch GET 200 https://registry.npmjs.org/function-bind 106ms (cache revalidated)
npm http fetch GET 200 https://registry.npmjs.org/set-function-length 109ms (cache revalidated)
npm http fetch GET 200 https://registry.npmjs.org/function-bind 110ms (cache revalidated)
npm http fetch GET 200 https://registry.npmjs.org/has-proto 115ms (cache revalidated)
npm http fetch GET 200 https://registry.npmjs.org/hasown 217ms (cache revalidated)
npm http fetch GET 200 https://registry.npmjs.org/define-data-property 58ms (cache revalidated)
npm http fetch GET 200 https://registry.npmjs.org/has-property-descriptors 61ms (cache revalidated)
npm http fetch GET 200 https://registry.npmjs.org/gopd 65ms (cache revalidated)
npm http fetch GET 200 https://registry.npmjs.org/requires-port 53ms (cache revalidated)
npm http fetch GET 200 https://registry.npmjs.org/querystringify 187ms (cache revalidated)
npm http fetch GET 200 https://registry.npmjs.org/unique-string 61ms (cache revalidated)
npm http fetch GET 200 https://registry.npmjs.org/package-json 67ms (cache revalidated)
npm http fetch GET 200 https://registry.npmjs.org/widest-line 71ms (cache revalidated)
npm http fetch GET 200 https://registry.npmjs.org/write-file-atomic 69ms (cache revalidated)
npm http fetch GET 200 https://registry.npmjs.org/cli-boxes 81ms (cache revalidated)
npm http fetch GET 200 https://registry.npmjs.org/escape-goat 78ms (cache revalidated)
npm http fetch GET 200 https://registry.npmjs.org/ansi-align 88ms (cache revalidated)
npm http fetch GET 200 https://registry.npmjs.org/dot-prop 628ms (cache revalidated)
npm http fetch GET 200 https://registry.npmjs.org/eastasianwidth 93ms (cache revalidated)
npm http fetch GET 200 https://registry.npmjs.org/is-obj 55ms (cache revalidated)
npm http fetch GET 200 https://registry.npmjs.org/typedarray-to-buffer 61ms (cache revalidated)
npm http fetch GET 200 https://registry.npmjs.org/crypto-random-string 68ms (cache revalidated)
npm http fetch GET 200 https://registry.npmjs.org/imurmurhash 617ms (cache revalidated)
npm http fetch GET 200 https://registry.npmjs.org/registry-url 59ms (cache revalidated)
npm http fetch GET 200 https://registry.npmjs.org/got 62ms (cache revalidated)
npm http fetch GET 200 https://registry.npmjs.org/registry-auth-token 72ms (cache revalidated)
npm http fetch GET 200 https://registry.npmjs.org/cacheable-lookup 65ms (cache revalidated)
npm http fetch GET 200 https://registry.npmjs.org/decompress-response 66ms (cache revalidated)
npm http fetch GET 200 https://registry.npmjs.org/rc 66ms (cache revalidated)
npm http fetch GET 200 https://registry.npmjs.org/form-data-encoder 69ms (cache revalidated)
npm http fetch GET 200 https://registry.npmjs.org/p-cancelable 77ms (cache revalidated)
npm http fetch GET 200 https://registry.npmjs.org/cacheable-request 75ms (cache revalidated)
npm http fetch GET 200 https://registry.npmjs.org/http2-wrapper 87ms (cache revalidated)
npm http fetch GET 200 https://registry.npmjs.org/responselike 91ms (cache revalidated)
npm http fetch GET 200 https://registry.npmjs.org/lowercase-keys 99ms (cache revalidated)
npm http fetch GET 200 https://registry.npmjs.org/@sindresorhus%2fis 137ms (cache revalidated)
npm http fetch GET 200 https://registry.npmjs.org/@szmarczak%2fhttp-timer 249ms (cache revalidated)
npm http fetch GET 200 https://registry.npmjs.org/@pnpm%2fnpm-conf 761ms (cache revalidated)
npm http fetch GET 200 https://registry.npmjs.org/http-cache-semantics 95ms (cache revalidated)
npm http fetch GET 200 https://registry.npmjs.org/normalize-url 98ms (cache revalidated)
npm http fetch GET 200 https://registry.npmjs.org/mimic-response 102ms (cache revalidated)
npm http fetch GET 200 https://registry.npmjs.org/quick-lru 102ms (cache revalidated)
npm http fetch GET 200 https://registry.npmjs.org/keyv 104ms (cache revalidated)
npm http fetch GET 200 https://registry.npmjs.org/mimic-response 106ms (cache revalidated)
npm http fetch GET 200 https://registry.npmjs.org/defer-to-connect 112ms (cache revalidated)
npm http fetch GET 200 https://registry.npmjs.org/@types%2fhttp-cache-semantics 122ms (cache revalidated)
npm http fetch GET 200 https://registry.npmjs.org/resolve-alpn 132ms (cache revalidated)
npm http fetch GET 200 https://registry.npmjs.org/json-buffer 90ms (cache revalidated)
npm http fetch GET 200 https://registry.npmjs.org/config-chain 62ms (cache revalidated)
npm http fetch GET 200 https://registry.npmjs.org/@pnpm%2fconfig.env-replace 259ms (cache revalidated)
npm http fetch GET 200 https://registry.npmjs.org/@pnpm%2fnetwork.ca-file 298ms (cache revalidated)
npm http fetch GET 200 https://registry.npmjs.org/proto-list 103ms (cache revalidated)
npm http fetch GET 200 https://registry.npmjs.org/deep-extend 65ms (cache revalidated)
npm http fetch GET 200 https://registry.npmjs.org/pend 55ms (cache revalidated)
npm http fetch GET 200 https://registry.npmjs.org/crc32-stream 619ms (cache revalidated)
npm http fetch GET 200 https://registry.npmjs.org/crc-32 97ms (cache revalidated)
npm http fetch GET 200 https://registry.npmjs.org/buffer-alloc-unsafe 57ms (cache revalidated)
npm http fetch GET 200 https://registry.npmjs.org/buffer-fill 57ms (cache revalidated)
npm http fetch GET 200 https://registry.npmjs.org/p-try 67ms (cache revalidated)
npm verbose reify failed optional dependency Z:\Documents\PGATS\PGATS - WEB\pgats-web-exam\tmpBstackPackages\node_modules\fsevents
npm http fetch POST 200 https://registry.npmjs.org/-/npm/v1/security/advisories/bulk 521ms
npm warn deprecated inflight@1.0.6: This module is not supported, and leaks memory. Do not use it. Check out lru-cache if you want a good and tested way to coalesce async requests by a key value, which is much more comprehensive and powerful.
npm warn deprecated rimraf@2.5.4: Rimraf versions prior to v4 are no longer supported
npm warn deprecated har-validator@5.1.5: this library is no longer supported
npm warn deprecated glob@7.2.3: Glob versions prior to v9 are no longer supported
npm warn deprecated glob@8.1.0: Glob versions prior to v9 are no longer supported
npm http fetch GET 200 https://registry.npmjs.org/tough-cookie 347ms (cache revalidated)
npm http fetch GET 200 https://registry.npmjs.org/request 349ms (cache revalidated)
npm warn deprecated uuid@3.4.0: Please upgrade  to version 7 or higher.  Older versions may use Math.random() in certain circumstances, which is known to be problematic.  See https://v8.dev/blog/math-random for details.
npm warn deprecated request@2.88.2: request has been deprecated, see https://github.com/request/request/issues/3142
npm http fetch GET 200 https://registry.npmjs.org/browserstack-cypress-cli 672ms (cache revalidated)
npm info run cypress@13.13.2 postinstall node_modules/cypress node index.js --exec install
npm info run cypress@13.13.2 postinstall { code: 0, signal: null }

added 501 packages, and audited 502 packages in 26s

96 packages are looking for funding
  run `npm fund` for details

3 moderate severity vulnerabilities

To address all issues (including breaking changes), run:
  npm audit fix --force

Run `npm audit` for details.
npm verbose cwd Z:\Documents\PGATS\PGATS - WEB\pgats-web-exam\tmpBstackPackages
npm verbose os Windows_NT 10.0.22631
npm verbose node v20.12.1
npm verbose npm  v10.8.0
npm verbose exit 0
npm info ok
